ast login: Tue Oct  7 00:49:40 2025 from 172.19.0.15
 ===============================================================
  Good morning !                                    IC-TACACS-02
 ===============================================================
  - Hostname      : ic-tacacs-02
  - IP Address    : 10.36.202.133 10.169.32.7 
  - Release       : CentOS Linux release 7.9.2009 (Core)
  - Kernel        : Linux 3.10.0-1160.119.1.el7.x86_64 x86_64
  - Users         : Currently 4 user(s) logged on
  - Server Time   : РІС–РІС‚РѕСЂРѕРє, 7 Р¶РѕРІС‚РЅСЏ 2025 00:50:25 +0300
  - System load   : 0.00 / 232 processes running
  - Memory used % : 16.1839
  - Swap used %   : 0.0124008
  - System uptime : 413 days 17 hours 39 minutes
 ===============================================================
 
[M.Bezukh@ic-tacacs-02 ~]$ telnet 10.171.36.58
Trying 10.171.36.58...
Connected to 10.171.36.58.
Escape character is '^]'.

                ===========================================================
                =                                                         =
                =  This is a UkrTelecom device, which may be accessed  =
                =  and used only by UkrTelecom authorized personnel.   =
                =  Unauthorized access or use of this device may subject  =
                =  violators to criminal, civil, and/or administrative    =
                =  action. Any information on this device may be          =
                =  intercepted, recorded, read, copied, and disclosed by  =
                =  and to authorized personnel for official purposes,     =
                =  including criminal investigations. Access or use of    =
                =  this device by any person whether authorized or        =
                =  unauthorized constitutes consent to these terms.       =
                =                                                         =
                ===========================================================
login: mivanov
Password:
Login incorrect
login: Connection closed by foreign host.
[M.Bezukh@ic-tacacs-02 ~]$ telnet 10.171.36.58
Trying 10.171.36.58...
Connected to 10.171.36.58.
Escape character is '^]'.

                ===========================================================
                =                                                         =
                =  This is a UkrTelecom device, which may be accessed  =
                =  and used only by UkrTelecom authorized personnel.   =
                =  Unauthorized access or use of this device may subject  =
                =  violators to criminal, civil, and/or administrative    =
                =  action. Any information on this device may be          =
                =  intercepted, recorded, read, copied, and disclosed by  =
                =  and to authorized personnel for official purposes,     =
                =  including criminal investigations. Access or use of    =
                =  this device by any person whether authorized or        =
                =  unauthorized constitutes consent to these terms.       =
                =                                                         =
                ===========================================================
login: tac-mivanov
3i#!GkX*@1I83i
Password:

--- JUNOS 21.4R3.15 Kernel 64-bit  JNPR-12.1-20220817.43c4e23_buil
{master}
tac-mivanov@mk-juniper-mx480-pe-l1> 

{master}
tac-mivanov@mk-juniper-mx480-pe-l1> 

{master}
tac-mivanov@mk-juniper-mx480-pe-l1> configure ter
                                              ^
syntax error, expecting <command>.
tac-mivanov@mk-juniper-mx480-pe-l1> configure       
Entering configuration mode

{master}[edit]
tac-mivanov@mk-juniper-mx480-pe-l1# exit 
Exiting configuration mode

{master}
tac-mivanov@mk-juniper-mx480-pe-l1> 

{master}
tac-mivanov@mk-juniper-mx480-pe-l1> configure    
Entering configuration mode

{master}[edit]
tac-mivanov@mk-juniper-mx480-pe-l1# commit check 
re0: 
configuration check succeeds
re1: 
configuration check succeeds

{master}[edit]
tac-mivanov@mk-juniper-mx480-pe-l1# set interfaces ae0 unit 7219 vlan-tags inner 646 

{master}[edit]
tac-mivanov@mk-juniper-mx480-pe-l1# set interfaces ae0 unit 7348 vlan-tags inner 642 

{master}[edit]
tac-mivanov@mk-juniper-mx480-pe-l1# set interfaces ae0 unit 7349 vlan-tags inner 645 

{master}[edit]
tac-mivanov@mk-juniper-mx480-pe-l1# set interfaces ae0 unit 7653 vlan-tags inner 644 

{master}[edit]
tac-mivanov@mk-juniper-mx480-pe-l1# set interfaces ae0 unit 7771 vlan-tags inner 640 

{master}[edit]
tac-mivanov@mk-juniper-mx480-pe-l1# set interfaces ae0 unit 7793 vlan-tags inner 641 

{master}[edit]
tac-mivanov@mk-juniper-mx480-pe-l1# set interfaces ae0 unit 7907 vlan-tagsinner
                                                                 ^
syntax error.
tac-mivanov@mk-juniper-mx480-pe-l1# set interfaces ae0 unit 7907 vlan-tagsinner643
                                                                 ^
syntax error.

{master}[edit]
tac-mivanov@mk-juniper-mx480-pe-l1# set interfaces ae0 unit 11531 vlan-tags inner 1302 

{master}[edit]
tac-mivanov@mk-juniper-mx480-pe-l1# set interfaces ae0 unit 11532 vlan-tags inner 1303 

{master}[edit]
tac-mivanov@mk-juniper-mx480-pe-l1# set interfaces ae0 unit 7907 vlan-tagsinner
                                                                 ^
syntax error.
tac-mivanov@mk-juniper-mx480-pe-l1# set interfaces ae0 unit 7907 vlan-tags inner643
                                                                                ^
'inner' is ambiguous.
Possible completions:
  inner                [tpid.]vlan-id, tpid format is 0xNNNN and is optional
+ inner-list           List of VLAN identifiers
  inner-range          [tpid.]vid1-vid2, tpid format is 0xNNNN and is optional
tac-mivanov@mk-juniper-mx480-pe-l1# set interfaces ae0 unit 7907 vlan-tags inner643          
                                                                                ^
'inner' is ambiguous.
Possible completions:
  inner                [tpid.]vlan-id, tpid format is 0xNNNN and is optional
+ inner-list           List of VLAN identifiers
  inner-range          [tpid.]vid1-vid2, tpid format is 0xNNNN and is optional
tac-mivanov@mk-juniper-mx480-pe-l1# set interfaces ae0 unit 7907 vlan-tags inner643   
                                                                                ^
'inner' is ambiguous.
Possible completions:
  inner                [tpid.]vlan-id, tpid format is 0xNNNN and is optional
+ inner-list           List of VLAN identifiers
  inner-range          [tpid.]vid1-vid2, tpid format is 0xNNNN and is optional
tac-mivanov@mk-juniper-mx480-pe-l1#                                                   

{master}[edit]
tac-mivanov@mk-juniper-mx480-pe-l1# set interfaces ae0 unit 7907 vlan-tags inner 643 

{master}[edit]
tac-mivanov@mk-juniper-mx480-pe-l1# commit check 
re0: 
error: ffp_intf_ifl_config_verify: Modified IFL "ae0.11531" is in use by BBE subscriber, commit denied - vlan-tags config changed
error: foreign file propagation (ffp) failed

{master}[edit]
tac-mivanov@mk-juniper-mx480-pe-l1# run clear dhcp relay binding interface ae0.11531 

{master}[edit]
tac-mivanov@mk-juniper-mx480-pe-l1# commit check 
re0: 
error: ffp_intf_ifl_config_verify: Modified IFL "ae0.11532" is in use by BBE subscriber, commit denied - vlan-tags config changed
error: foreign file propagation (ffp) failed

{master}[edit]
tac-mivanov@mk-juniper-mx480-pe-l1# run clear dhcp relay binding interface ae0.11532    

{master}[edit]
tac-mivanov@mk-juniper-mx480-pe-l1# commit check 
re0: 
configuration check succeeds
re1: 
configuration check succeeds

{master}[edit]
tac-mivanov@mk-juniper-mx480-pe-l1# commit and-quit 
re0: 
configuration check succeeds
re1: 
commit complete
re0: 
commit complete
Exiting configuration mode

{master}
tac-mivanov@mk-juniper-mx480-pe-l1> 

{master}
tac-mivanov@mk-juniper-mx480-pe-l1> 

{master}
tac-mivanov@mk-juniper-mx480-pe-l1> configure 
Entering configuration mode

{master}[edit]
tac-mivanov@mk-juniper-mx480-pe-l1# commit check 
re0: 
configuration check succeeds
re1: 
configuration check succeeds

{master}[edit]
tac-mivanov@mk-juniper-mx480-pe-l1# set interfaces ae0 unit 1144 vlan-tags outer 63 
set interfaces ae0 unit  7812  vlan-tags outer 63
set interfaces ae0 unit  7829  vlan-tags outer 63
set interfaces ae0 unit  7900  vlan-tags outer 63
set interfaces ae0 unit  8008  vlan-tags outer 63
set interfaces ae0 unit  8124  vlan-tags outer 63
set interfaces ae0 unit  9008  vlan-tags outer 63
set interfaces ae0 unit  10010  vlan-tags outer 63
set interfaces ae0 unit  10110  vlan-tags outer 63

{master}[edit]
tac-mivanov@mk-juniper-mx480-pe-l1# set interfaces ae0 unit 1145 vlan-tags outer 63 

{master}[edit]
tac-mivanov@mk-juniper-mx480-pe-l1# set interfaces ae0 unit 1170 vlan-tags outer 63 

{master}[edit]
tac-mivanov@mk-juniper-mx480-pe-l1# set interfaces ae0 unit 1173 vlan-tags outer 63 

{master}[edit]
tac-mivanov@mk-juniper-mx480-pe-l1# set interfaces ae0 unit 1174 vlan-tags outer 63 

{master}[edit]
tac-mivanov@mk-juniper-mx480-pe-l1# set interfaces ae0 unit 1179 vlan-tags outer 63 

{master}[edit]
tac-mivanov@mk-juniper-mx480-pe-l1# set interfaces ae0 unit 1900 vlan-tags outer 63 

{master}[edit]
tac-mivanov@mk-juniper-mx480-pe-l1# set interfaces ae0 unit 7089 vlan-tags outer 63 

{master}[edit]
tac-mivanov@mk-juniper-mx480-pe-l1# set interfaces ae0 unit 7120 vlan-tags outer 63 

{master}[edit]
tac-mivanov@mk-juniper-mx480-pe-l1# set interfaces ae0 unit 7187 vlan-tags outer 63 

{master}[edit]
tac-mivanov@mk-juniper-mx480-pe-l1# set interfaces ae0 unit 7206 vlan-tags outer 63 

{master}[edit]
tac-mivanov@mk-juniper-mx480-pe-l1# set interfaces ae0 unit 7332 vlan-tags outer 63 

{master}[edit]
tac-mivanov@mk-juniper-mx480-pe-l1# set interfaces ae0 unit 7470 vlan-tags outer 63 

{master}[edit]
tac-mivanov@mk-juniper-mx480-pe-l1# set interfaces ae0 unit 7548 vlan-tags outer 63 

{master}[edit]
tac-mivanov@mk-juniper-mx480-pe-l1# set interfaces ae0 unit 7550 vlan-tags outer 63 

{master}[edit]
tac-mivanov@mk-juniper-mx480-pe-l1# set interfaces ae0 unit 7570 vlan-tags outer 63 

{master}[edit]
tac-mivanov@mk-juniper-mx480-pe-l1# set interfaces ae0 unit 7654 vlan-tags outer 63 

{master}[edit]
tac-mivanov@mk-juniper-mx480-pe-l1# set interfaces ae0 unit 7656 vlan-tags outer 63 

{master}[edit]
tac-mivanov@mk-juniper-mx480-pe-l1# set interfaces ae0 unit 7685 vlan-tags outer 63 

{master}[edit]
tac-mivanov@mk-juniper-mx480-pe-l1# set interfaces ae0 unit 7750 vlan-tags outer 63 

{master}[edit]
tac-mivanov@mk-juniper-mx480-pe-l1# set interfaces ae0 unit 7763 vlan-tags outer 63 

{master}[edit]
tac-mivanov@mk-juniper-mx480-pe-l1# set interfaces ae0 unit 7812 vlan-tags outer 63 

{master}[edit]
tac-mivanov@mk-juniper-mx480-pe-l1# set interfaces ae0 unit 7829 vlan-tags outer 63 

{master}[edit]
tac-mivanov@mk-juniper-mx480-pe-l1# set interfaces ae0 unit 7900 vlan-tags outer 63 

{master}[edit]
tac-mivanov@mk-juniper-mx480-pe-l1# set interfaces ae0 unit 8008 vlan-tags outer 63 

{master}[edit]
tac-mivanov@mk-juniper-mx480-pe-l1# set interfaces ae0 unit 8124 vlan-tags outer 63 

{master}[edit]
tac-mivanov@mk-juniper-mx480-pe-l1# set interfaces ae0 unit 9008 vlan-tags outer 63 

{master}[edit]
tac-mivanov@mk-juniper-mx480-pe-l1# set interfaces ae0 unit 10010 vlan-tags outer 63 

{master}[edit]
tac-mivanov@mk-juniper-mx480-pe-l1# set interfaces ae0 unit 10110 vlan-tags outer 63 

{master}[edit]
tac-mivanov@mk-juniper-mx480-pe-l1# set interfaces ae0 unit 11122 vlan-tags outer 63 

{master}[edit]
tac-mivanov@mk-juniper-mx480-pe-l1# set interfaces ae0 unit 11123 vlan-tags outer 63 

{master}[edit]
tac-mivanov@mk-juniper-mx480-pe-l1# set interfaces ae0 unit 11124 vlan-tags outer 63 

{master}[edit]
tac-mivanov@mk-juniper-mx480-pe-l1# set interfaces ae0 unit 11125 vlan-tags outer 63 

{master}[edit]
tac-mivanov@mk-juniper-mx480-pe-l1# set interfaces ae0 unit 11126 vlan-tags outer 63 

{master}[edit]
tac-mivanov@mk-juniper-mx480-pe-l1# set interfaces ae0 unit 11127 vlan-tags outer 63 

{master}[edit]
tac-mivanov@mk-juniper-mx480-pe-l1# set interfaces ae0 unit 11129 vlan-tags outer 63 

{master}[edit]
tac-mivanov@mk-juniper-mx480-pe-l1# set interfaces ae0 unit 11226 vlan-tags outer 63 

{master}[edit]
tac-mivanov@mk-juniper-mx480-pe-l1# commit check                                        
re0: 
error: ffp_intf_ifl_config_verify: Modified IFL "ae0.11122" is in use by BBE subscriber, commit denied - vlan-tags config changed
error: foreign file propagation (ffp) failed

{master}[edit]
tac-mivanov@mk-juniper-mx480-pe-l1# run clear dhcp relay binding interface ae0.11122 

{master}[edit]
tac-mivanov@mk-juniper-mx480-pe-l1# commit check                                        
re0: 
error: ffp_intf_ifl_config_verify: Modified IFL "ae0.11123" is in use by BBE subscriber, commit denied - vlan-tags config changed
error: foreign file propagation (ffp) failed

{master}[edit]
tac-mivanov@mk-juniper-mx480-pe-l1# run clear dhcp relay binding interface ae0.11123    

{master}[edit]
tac-mivanov@mk-juniper-mx480-pe-l1# commit check                                        
re0: 
error: ffp_intf_ifl_config_verify: Modified IFL "ae0.11124" is in use by BBE subscriber, commit denied - vlan-tags config changed
error: foreign file propagation (ffp) failed

{master}[edit]
tac-mivanov@mk-juniper-mx480-pe-l1# run clear dhcp relay binding interface ae0.11124    

{master}[edit]
tac-mivanov@mk-juniper-mx480-pe-l1# commit check                                        
re0: 
error: ffp_intf_ifl_config_verify: Modified IFL "ae0.11226" is in use by BBE subscriber, commit denied - vlan-tags config changed
error: foreign file propagation (ffp) failed

{master}[edit]
tac-mivanov@mk-juniper-mx480-pe-l1# run clear dhcp relay binding interface ae0.11226    

{master}[edit]
tac-mivanov@mk-juniper-mx480-pe-l1# commit check                                        
re0: 
configuration check succeeds
re1: 
configuration check succeeds

{master}[edit]
tac-mivanov@mk-juniper-mx480-pe-l1# commit and-quit 
re0: 
configuration check succeeds
re1: 
commit complete
re0: 
commit complete
Exiting configuration mode

{master}
tac-mivanov@mk-juniper-mx480-pe-l1> 

{master}
tac-mivanov@mk-juniper-mx480-pe-l1> 

{master}
tac-mivanov@mk-juniper-mx480-pe-l1> 

{master}
tac-mivanov@mk-juniper-mx480-pe-l1> show sha 
                                         ^
syntax error, expecting <command>.
tac-mivanov@mk-juniper-mx480-pe-l1> show shas         
                                         ^
syntax error, expecting <command>.
tac-mivanov@mk-juniper-mx480-pe-l1> show chassis routing-engine 
Routing Engine status:
  Slot 0:
    Current state                  Master
    Election priority              Master
    Temperature                 30 degrees C / 86 degrees F
    CPU temperature             28 degrees C / 82 degrees F
    DRAM                      16317 MB (16384 MB installed)
    Memory utilization          15 percent
    5 sec CPU utilization:
      User                       2 percent
      Background                 0 percent
      Kernel                     7 percent
      Interrupt                  2 percent
      Idle                      89 percent
    1 min CPU utilization:
      User                       8 percent
      Background                 0 percent
      Kernel                     7 percent
      Interrupt                  1 percent
      Idle                      83 percent
    5 min CPU utilization:
      User                       6 percent
      Background                 0 percent
      Kernel                     7 percent
      Interrupt                  1 percent
      Idle                      87 percent
    15 min CPU utilization:
      User                       5 percent
      Background                 0 percent
      Kernel                     6 percent
      Interrupt                  1 percent
      Idle                      88 percent
    Model                          RE-S-1800x4
    Serial ID                      9009119237
    Start time                     2024-10-03 00:23:17 EEST
    Uptime                         369 days, 57 minutes, 30 seconds
    Last reboot reason             Router rebooted after a normal shutdown.
    Load averages:                 1 minute   5 minute  15 minute
                                       0.84       0.64       0.59
Routing Engine status:
  Slot 1:
    Current state                  Backup
    Election priority              Backup
    Temperature                 27 degrees C / 80 degrees F
    CPU temperature             27 degrees C / 80 degrees F
    DRAM                      16317 MB (16384 MB installed)
    Memory utilization          13 percent
    5 sec CPU utilization:
      User                       1 percent
      Background                 0 percent
      Kernel                     2 percent
      Interrupt                  0 percent
      Idle                      97 percent
    Model                          RE-S-1800x4
    Serial ID                      9009165424
    Start time                     2024-10-03 00:23:12 EEST
    Uptime                         369 days, 57 minutes, 24 seconds
    Last reboot reason             Router rebooted after a normal shutdown.
    Load averages:                 1 minute   5 minute  15 minute
                                       0.32       0.34       0.32

{master}
tac-mivanov@mk-juniper-mx480-pe-l1> 
